<?xml version="1.0" encoding="UTF-8"?>
<testsuite xmlns:xsi="http://www.w3.org/2001/XMLSchema-instance" xsi:noNamespaceSchemaLocation="https://maven.apache.org/surefire/maven-surefire-plugin/xsd/surefire-test-report-3.0.xsd" version="3.0" name="com.guilda.aventura.AventuraQueryTest" time="1.088" tests="11" errors="0" skipped="0" failures="0">
  <properties>
[...]
</properties>
  <testcase name="listarAventureiros_filtroClasse_retornaApenasClasseCorreta" classname="com.guilda.aventura.AventuraQueryTest" time="0.188">
    <system-out><![CDATA[2026-04-21T19:41:01.908-03:00  INFO 22492 --- [guilda-aventureiros] [           main] t.c.s.AnnotationConfigContextLoaderUtils : Could not detect default configuration classes for test class [com.guilda.aventura.AventuraQueryTest]: AventuraQueryTest does not declare any static, non-private, non-final, nested classes annotated with @Configuration.
2026-04-21T19:41:01.950-03:00  INFO 22492 --- [guilda-aventureiros] [           main] .b.t.c.SpringBootTestContextBootstrapper : Found @SpringBootConfiguration com.guilda.GuildaApplication for test class com.guilda.aventura.AventuraQueryTest
Hibernate: 
    select
        nextval('audit.organizacoes_id_seq')
Hibernate: 
    select
        nextval('audit.usuarios_id_seq')
Hibernate: 
    select
        nextval('operacoes.aventureiro_id_seq')
Hibernate: 
    select
        nextval('operacoes.aventureiro_id_seq')
Hibernate: 
    select
        nextval('operacoes.aventureiro_id_seq')
Hibernate: 
    select
        nextval('operacoes.missao_id_seq')
Hibernate: 
    select
        pm1_0.aventureiro_id,
        pm1_0.missao_id,
        pm1_0.data_registro,
        pm1_0.destaque,
        pm1_0.papel,
        pm1_0.recompensa_ouro 
    from
        operacoes.participacao_missao pm1_0 
    where
        (
            pm1_0.aventureiro_id, pm1_0.missao_id
        ) in ((?, ?))
Hibernate: 
    select
        pm1_0.aventureiro_id,
        pm1_0.missao_id,
        pm1_0.data_registro,
        pm1_0.destaque,
        pm1_0.papel,
        pm1_0.recompensa_ouro 
    from
        operacoes.participacao_missao pm1_0 
    where
        (
            pm1_0.aventureiro_id, pm1_0.missao_id
        ) in ((?, ?))
Hibernate: 
    insert 
    into
        audit.organizacoes
        (ativo, nome, id) 
    values
        (?, ?, ?)
Hibernate: 
    insert 
    into
        audit.usuarios
        (email, nome, organizacao_id, senha_hash, status, ultimo_login_em, id) 
    values
        (?, ?, ?, ?, ?, ?, ?)
Hibernate: 
    insert 
    into
        operacoes.aventureiro
        (ativo, usuario_cadastro_id, classe, data_atualizacao, data_criacao, nivel, nome, organizacao_id, id) 
    values
        (?, ?, ?, ?, ?, ?, ?, ?, ?)
Hibernate: 
    insert 
    into
        operacoes.aventureiro
        (ativo, usuario_cadastro_id, classe, data_atualizacao, data_criacao, nivel, nome, organizacao_id, id) 
    values
        (?, ?, ?, ?, ?, ?, ?, ?, ?)
Hibernate: 
    insert 
    into
        operacoes.aventureiro
        (ativo, usuario_cadastro_id, classe, data_atualizacao, data_criacao, nivel, nome, organizacao_id, id) 
    values
        (?, ?, ?, ?, ?, ?, ?, ?, ?)
Hibernate: 
    insert 
    into
        operacoes.missao
        (data_fim, data_inicio, nivel_perigo, organizacao_id, status, titulo, id) 
    values
        (?, ?, ?, ?, ?, ?, ?)
Hibernate: 
    insert 
    into
        operacoes.participacao_missao
        (destaque, papel, recompensa_ouro, aventureiro_id, missao_id) 
    values
        (?, ?, ?, ?, ?)
Hibernate: 
    insert 
    into
        operacoes.participacao_missao
        (destaque, papel, recompensa_ouro, aventureiro_id, missao_id) 
    values
        (?, ?, ?, ?, ?)
Hibernate: 
    update
        operacoes.aventureiro 
    set
        ativo=?,
        usuario_cadastro_id=?,
        classe=?,
        data_atualizacao=?,
        nivel=?,
        nome=?,
        organizacao_id=? 
    where
        id=?
Hibernate: 
    update
        operacoes.missao 
    set
        data_fim=?,
        data_inicio=?,
        nivel_perigo=?,
        organizacao_id=?,
        status=?,
        titulo=? 
    where
        id=?
Hibernate: 
    SELECT
        * 
    FROM
        operacoes.aventureiro a 
    WHERE
        a.organizacao_id = ?   
        AND (
            CAST(? AS boolean) IS NULL 
            OR a.ativo = CAST(? AS boolean)
        )   
        AND (
            CAST(? AS text) IS NULL 
            OR a.classe = CAST(? AS text)
        )   
        AND (
            CAST(? AS integer) IS NULL 
            OR a.nivel >= CAST(? AS integer)
        ) 
    fetch
        first ? rows only 
Hibernate: 
    select
        c1_0.aventureiro_id,
        c1_0.especie,
        c1_0.indice_lealdade,
        c1_0.nome 
    from
        operacoes.companheiro c1_0 
    where
        c1_0.aventureiro_id=?
[AventuraQueryTest] Guerreiros: 1
]]></system-out>
  </testcase>
  <testcase name="gerarRanking_retornaOrdenadoPorParticipacoes" classname="com.guilda.aventura.AventuraQueryTest" time="0.096">
    <system-out><![CDATA[Hibernate: 
    select
        nextval('audit.organizacoes_id_seq')
Hibernate: 
    select
        nextval('audit.usuarios_id_seq')
Hibernate: 
    select
        nextval('operacoes.aventureiro_id_seq')
Hibernate: 
    select
        nextval('operacoes.aventureiro_id_seq')
Hibernate: 
    select
        nextval('operacoes.aventureiro_id_seq')
Hibernate: 
    select
        nextval('operacoes.missao_id_seq')
Hibernate: 
    select
        pm1_0.aventureiro_id,
        pm1_0.missao_id,
        pm1_0.data_registro,
        pm1_0.destaque,
        pm1_0.papel,
        pm1_0.recompensa_ouro 
    from
        operacoes.participacao_missao pm1_0 
    where
        (
            pm1_0.aventureiro_id, pm1_0.missao_id
        ) in ((?, ?))
Hibernate: 
    select
        pm1_0.aventureiro_id,
        pm1_0.missao_id,
        pm1_0.data_registro,
        pm1_0.destaque,
        pm1_0.papel,
        pm1_0.recompensa_ouro 
    from
        operacoes.participacao_missao pm1_0 
    where
        (
            pm1_0.aventureiro_id, pm1_0.missao_id
        ) in ((?, ?))
Hibernate: 
    insert 
    into
        audit.organizacoes
        (ativo, nome, id) 
    values
        (?, ?, ?)
Hibernate: 
    insert 
    into
        audit.usuarios
        (email, nome, organizacao_id, senha_hash, status, ultimo_login_em, id) 
    values
        (?, ?, ?, ?, ?, ?, ?)
Hibernate: 
    insert 
    into
        operacoes.aventureiro
        (ativo, usuario_cadastro_id, classe, data_atualizacao, data_criacao, nivel, nome, organizacao_id, id) 
    values
        (?, ?, ?, ?, ?, ?, ?, ?, ?)
Hibernate: 
    insert 
    into
        operacoes.aventureiro
        (ativo, usuario_cadastro_id, classe, data_atualizacao, data_criacao, nivel, nome, organizacao_id, id) 
    values
        (?, ?, ?, ?, ?, ?, ?, ?, ?)
Hibernate: 
    insert 
    into
        operacoes.aventureiro
        (ativo, usuario_cadastro_id, classe, data_atualizacao, data_criacao, nivel, nome, organizacao_id, id) 
    values
        (?, ?, ?, ?, ?, ?, ?, ?, ?)
Hibernate: 
    insert 
    into
        operacoes.missao
        (data_fim, data_inicio, nivel_perigo, organizacao_id, status, titulo, id) 
    values
        (?, ?, ?, ?, ?, ?, ?)
Hibernate: 
    insert 
    into
        operacoes.participacao_missao
        (destaque, papel, recompensa_ouro, aventureiro_id, missao_id) 
    values
        (?, ?, ?, ?, ?)
Hibernate: 
    insert 
    into
        operacoes.participacao_missao
        (destaque, papel, recompensa_ouro, aventureiro_id, missao_id) 
    values
        (?, ?, ?, ?, ?)
Hibernate: 
    update
        operacoes.aventureiro 
    set
        ativo=?,
        usuario_cadastro_id=?,
        classe=?,
        data_atualizacao=?,
        nivel=?,
        nome=?,
        organizacao_id=? 
    where
        id=?
Hibernate: 
    update
        operacoes.missao 
    set
        data_fim=?,
        data_inicio=?,
        nivel_perigo=?,
        organizacao_id=?,
        status=?,
        titulo=? 
    where
        id=?
Hibernate: 
    SELECT
        a.id,
        a.nome,
        COUNT(p.missao_id) AS totalParticipacoes,
        COALESCE(SUM(p.recompensa_ouro), 0) AS totalRecompensas,
        SUM(CASE 
            WHEN p.destaque = true 
                THEN 1 
            ELSE 0 
        END) AS totalMvps 
    FROM
        operacoes.aventureiro a 
    JOIN
        operacoes.participacao_missao p 
            ON a.id = p.aventureiro_id 
    JOIN
        operacoes.missao m 
            ON m.id = p.missao_id 
    WHERE
        a.organizacao_id = ?   
        AND (
            CAST(? AS timestamp) IS NULL 
            OR p.data_registro >= CAST(? AS timestamp)
        )   
        AND (
            CAST(? AS timestamp) IS NULL 
            OR p.data_registro <= CAST(? AS timestamp)
        )   
        AND (
            CAST(? AS text) IS NULL 
            OR m.status = CAST(? AS text)
        ) 
    GROUP BY
        a.id,
        a.nome 
    ORDER BY
        totalParticipacoes DESC,
        totalRecompensas DESC 
[AventuraQueryTest] Ranking: Aldric | Participações: 1 | Recompensas: 150.00 | MVPs: 1
[AventuraQueryTest] Ranking: Lyra | Participações: 1 | Recompensas: 80.00 | MVPs: 0
]]></system-out>
  </testcase>
  <testcase name="gerarRelatorio_retornaMissoesComMetricas" classname="com.guilda.aventura.AventuraQueryTest" time="0.072">
    <system-out><![CDATA[Hibernate: 
    select
        nextval('audit.organizacoes_id_seq')
Hibernate: 
    select
        nextval('audit.usuarios_id_seq')
Hibernate: 
    select
        nextval('operacoes.aventureiro_id_seq')
Hibernate: 
    select
        nextval('operacoes.aventureiro_id_seq')
Hibernate: 
    select
        nextval('operacoes.aventureiro_id_seq')
Hibernate: 
    select
        nextval('operacoes.missao_id_seq')
Hibernate: 
    select
        pm1_0.aventureiro_id,
        pm1_0.missao_id,
        pm1_0.data_registro,
        pm1_0.destaque,
        pm1_0.papel,
        pm1_0.recompensa_ouro 
    from
        operacoes.participacao_missao pm1_0 
    where
        (
            pm1_0.aventureiro_id, pm1_0.missao_id
        ) in ((?, ?))
Hibernate: 
    select
        pm1_0.aventureiro_id,
        pm1_0.missao_id,
        pm1_0.data_registro,
        pm1_0.destaque,
        pm1_0.papel,
        pm1_0.recompensa_ouro 
    from
        operacoes.participacao_missao pm1_0 
    where
        (
            pm1_0.aventureiro_id, pm1_0.missao_id
        ) in ((?, ?))
Hibernate: 
    insert 
    into
        audit.organizacoes
        (ativo, nome, id) 
    values
        (?, ?, ?)
Hibernate: 
    insert 
    into
        audit.usuarios
        (email, nome, organizacao_id, senha_hash, status, ultimo_login_em, id) 
    values
        (?, ?, ?, ?, ?, ?, ?)
Hibernate: 
    insert 
    into
        operacoes.aventureiro
        (ativo, usuario_cadastro_id, classe, data_atualizacao, data_criacao, nivel, nome, organizacao_id, id) 
    values
        (?, ?, ?, ?, ?, ?, ?, ?, ?)
Hibernate: 
    insert 
    into
        operacoes.aventureiro
        (ativo, usuario_cadastro_id, classe, data_atualizacao, data_criacao, nivel, nome, organizacao_id, id) 
    values
        (?, ?, ?, ?, ?, ?, ?, ?, ?)
Hibernate: 
    insert 
    into
        operacoes.aventureiro
        (ativo, usuario_cadastro_id, classe, data_atualizacao, data_criacao, nivel, nome, organizacao_id, id) 
    values
        (?, ?, ?, ?, ?, ?, ?, ?, ?)
Hibernate: 
    insert 
    into
        operacoes.missao
        (data_fim, data_inicio, nivel_perigo, organizacao_id, status, titulo, id) 
    values
        (?, ?, ?, ?, ?, ?, ?)
Hibernate: 
    insert 
    into
        operacoes.participacao_missao
        (destaque, papel, recompensa_ouro, aventureiro_id, missao_id) 
    values
        (?, ?, ?, ?, ?)
Hibernate: 
    insert 
    into
        operacoes.participacao_missao
        (destaque, papel, recompensa_ouro, aventureiro_id, missao_id) 
    values
        (?, ?, ?, ?, ?)
Hibernate: 
    update
        operacoes.aventureiro 
    set
        ativo=?,
        usuario_cadastro_id=?,
        classe=?,
        data_atualizacao=?,
        nivel=?,
        nome=?,
        organizacao_id=? 
    where
        id=?
Hibernate: 
    update
        operacoes.missao 
    set
        data_fim=?,
        data_inicio=?,
        nivel_perigo=?,
        organizacao_id=?,
        status=?,
        titulo=? 
    where
        id=?
Hibernate: 
    SELECT
        m.id,
        m.titulo,
        m.status,
        m.nivel_perigo AS nivelPerigo,
        COUNT(p.aventureiro_id) AS totalParticipantes,
        COALESCE(SUM(p.recompensa_ouro), 0) AS totalRecompensas 
    FROM
        operacoes.missao m 
    LEFT JOIN
        operacoes.participacao_missao p 
            ON m.id = p.missao_id 
    WHERE
        m.organizacao_id = ?   
        AND (
            CAST(? AS timestamp) IS NULL 
            OR m.data_criacao >= CAST(? AS timestamp)
        )   
        AND (
            CAST(? AS timestamp) IS NULL 
            OR m.data_criacao <= CAST(? AS timestamp)
        ) 
    GROUP BY
        m.id,
        m.titulo,
        m.status,
        m.nivel_perigo 
    ORDER BY
        m.data_criacao DESC 
[AventuraQueryTest] Missão: Missão das Sombras | Participantes: 2 | Total recompensas: 230.00
]]></system-out>
  </testcase>
  <testcase name="buscarDetalhado_retornaDadosAgregados" classname="com.guilda.aventura.AventuraQueryTest" time="0.126">
    <system-out><![CDATA[Hibernate: 
    select
        nextval('audit.organizacoes_id_seq')
Hibernate: 
    select
        nextval('audit.usuarios_id_seq')
Hibernate: 
    select
        nextval('operacoes.aventureiro_id_seq')
Hibernate: 
    select
        nextval('operacoes.aventureiro_id_seq')
Hibernate: 
    select
        nextval('operacoes.aventureiro_id_seq')
Hibernate: 
    select
        nextval('operacoes.missao_id_seq')
Hibernate: 
    select
        pm1_0.aventureiro_id,
        pm1_0.missao_id,
        pm1_0.data_registro,
        pm1_0.destaque,
        pm1_0.papel,
        pm1_0.recompensa_ouro 
    from
        operacoes.participacao_missao pm1_0 
    where
        (
            pm1_0.aventureiro_id, pm1_0.missao_id
        ) in ((?, ?))
Hibernate: 
    select
        pm1_0.aventureiro_id,
        pm1_0.missao_id,
        pm1_0.data_registro,
        pm1_0.destaque,
        pm1_0.papel,
        pm1_0.recompensa_ouro 
    from
        operacoes.participacao_missao pm1_0 
    where
        (
            pm1_0.aventureiro_id, pm1_0.missao_id
        ) in ((?, ?))
Hibernate: 
    insert 
    into
        audit.organizacoes
        (ativo, nome, id) 
    values
        (?, ?, ?)
Hibernate: 
    insert 
    into
        audit.usuarios
        (email, nome, organizacao_id, senha_hash, status, ultimo_login_em, id) 
    values
        (?, ?, ?, ?, ?, ?, ?)
Hibernate: 
    insert 
    into
        operacoes.aventureiro
        (ativo, usuario_cadastro_id, classe, data_atualizacao, data_criacao, nivel, nome, organizacao_id, id) 
    values
        (?, ?, ?, ?, ?, ?, ?, ?, ?)
Hibernate: 
    insert 
    into
        operacoes.aventureiro
        (ativo, usuario_cadastro_id, classe, data_atualizacao, data_criacao, nivel, nome, organizacao_id, id) 
    values
        (?, ?, ?, ?, ?, ?, ?, ?, ?)
Hibernate: 
    insert 
    into
        operacoes.aventureiro
        (ativo, usuario_cadastro_id, classe, data_atualizacao, data_criacao, nivel, nome, organizacao_id, id) 
    values
        (?, ?, ?, ?, ?, ?, ?, ?, ?)
Hibernate: 
    insert 
    into
        operacoes.missao
        (data_fim, data_inicio, nivel_perigo, organizacao_id, status, titulo, id) 
    values
        (?, ?, ?, ?, ?, ?, ?)
Hibernate: 
    insert 
    into
        operacoes.participacao_missao
        (destaque, papel, recompensa_ouro, aventureiro_id, missao_id) 
    values
        (?, ?, ?, ?, ?)
Hibernate: 
    insert 
    into
        operacoes.participacao_missao
        (destaque, papel, recompensa_ouro, aventureiro_id, missao_id) 
    values
        (?, ?, ?, ?, ?)
Hibernate: 
    update
        operacoes.aventureiro 
    set
        ativo=?,
        usuario_cadastro_id=?,
        classe=?,
        data_atualizacao=?,
        nivel=?,
        nome=?,
        organizacao_id=? 
    where
        id=?
Hibernate: 
    update
        operacoes.missao 
    set
        data_fim=?,
        data_inicio=?,
        nivel_perigo=?,
        organizacao_id=?,
        status=?,
        titulo=? 
    where
        id=?
Hibernate: 
    select
        a1_0.id,
        a1_0.nome,
        a1_0.classe,
        a1_0.nivel,
        a1_0.ativo,
        c1_0.nome,
        c1_0.especie,
        c1_0.indice_lealdade,
        count(p1_0.missao_id),
        max(p1_0.data_registro) 
    from
        operacoes.aventureiro a1_0 
    left join
        operacoes.companheiro c1_0 
            on a1_0.id=c1_0.aventureiro_id 
    left join
        operacoes.participacao_missao p1_0 
            on a1_0.id=p1_0.aventureiro_id 
    where
        a1_0.id=? 
    group by
        a1_0.id,
        a1_0.nome,
        a1_0.classe,
        a1_0.nivel,
        a1_0.ativo,
        c1_0.nome,
        c1_0.especie,
        c1_0.indice_lealdade
[AventuraQueryTest] Detalhe Aldric: participações=1
]]></system-out>
  </testcase>
  <testcase name="listarAventureiros_filtroAtivo_retornaApenasAtivos" classname="com.guilda.aventura.AventuraQueryTest" time="0.089">
    <system-out><![CDATA[Hibernate: 
    select
        nextval('audit.organizacoes_id_seq')
Hibernate: 
    select
        nextval('audit.usuarios_id_seq')
Hibernate: 
    select
        nextval('operacoes.aventureiro_id_seq')
Hibernate: 
    select
        nextval('operacoes.aventureiro_id_seq')
Hibernate: 
    select
        nextval('operacoes.aventureiro_id_seq')
Hibernate: 
    select
        nextval('operacoes.missao_id_seq')
Hibernate: 
    select
        pm1_0.aventureiro_id,
        pm1_0.missao_id,
        pm1_0.data_registro,
        pm1_0.destaque,
        pm1_0.papel,
        pm1_0.recompensa_ouro 
    from
        operacoes.participacao_missao pm1_0 
    where
        (
            pm1_0.aventureiro_id, pm1_0.missao_id
        ) in ((?, ?))
Hibernate: 
    select
        pm1_0.aventureiro_id,
        pm1_0.missao_id,
        pm1_0.data_registro,
        pm1_0.destaque,
        pm1_0.papel,
        pm1_0.recompensa_ouro 
    from
        operacoes.participacao_missao pm1_0 
    where
        (
            pm1_0.aventureiro_id, pm1_0.missao_id
        ) in ((?, ?))
Hibernate: 
    insert 
    into
        audit.organizacoes
        (ativo, nome, id) 
    values
        (?, ?, ?)
Hibernate: 
    insert 
    into
        audit.usuarios
        (email, nome, organizacao_id, senha_hash, status, ultimo_login_em, id) 
    values
        (?, ?, ?, ?, ?, ?, ?)
Hibernate: 
    insert 
    into
        operacoes.aventureiro
        (ativo, usuario_cadastro_id, classe, data_atualizacao, data_criacao, nivel, nome, organizacao_id, id) 
    values
        (?, ?, ?, ?, ?, ?, ?, ?, ?)
Hibernate: 
    insert 
    into
        operacoes.aventureiro
        (ativo, usuario_cadastro_id, classe, data_atualizacao, data_criacao, nivel, nome, organizacao_id, id) 
    values
        (?, ?, ?, ?, ?, ?, ?, ?, ?)
Hibernate: 
    insert 
    into
        operacoes.aventureiro
        (ativo, usuario_cadastro_id, classe, data_atualizacao, data_criacao, nivel, nome, organizacao_id, id) 
    values
        (?, ?, ?, ?, ?, ?, ?, ?, ?)
Hibernate: 
    insert 
    into
        operacoes.missao
        (data_fim, data_inicio, nivel_perigo, organizacao_id, status, titulo, id) 
    values
        (?, ?, ?, ?, ?, ?, ?)
Hibernate: 
    insert 
    into
        operacoes.participacao_missao
        (destaque, papel, recompensa_ouro, aventureiro_id, missao_id) 
    values
        (?, ?, ?, ?, ?)
Hibernate: 
    insert 
    into
        operacoes.participacao_missao
        (destaque, papel, recompensa_ouro, aventureiro_id, missao_id) 
    values
        (?, ?, ?, ?, ?)
Hibernate: 
    update
        operacoes.aventureiro 
    set
        ativo=?,
        usuario_cadastro_id=?,
        classe=?,
        data_atualizacao=?,
        nivel=?,
        nome=?,
        organizacao_id=? 
    where
        id=?
Hibernate: 
    update
        operacoes.missao 
    set
        data_fim=?,
        data_inicio=?,
        nivel_perigo=?,
        organizacao_id=?,
        status=?,
        titulo=? 
    where
        id=?
Hibernate: 
    SELECT
        * 
    FROM
        operacoes.aventureiro a 
    WHERE
        a.organizacao_id = ?   
        AND (
            CAST(? AS boolean) IS NULL 
            OR a.ativo = CAST(? AS boolean)
        )   
        AND (
            CAST(? AS text) IS NULL 
            OR a.classe = CAST(? AS text)
        )   
        AND (
            CAST(? AS integer) IS NULL 
            OR a.nivel >= CAST(? AS integer)
        )  
    order by
        a.nome asc 
    fetch
        first ? rows only
Hibernate: 
    select
        c1_0.aventureiro_id,
        c1_0.especie,
        c1_0.indice_lealdade,
        c1_0.nome 
    from
        operacoes.companheiro c1_0 
    where
        c1_0.aventureiro_id=?
Hibernate: 
    select
        c1_0.aventureiro_id,
        c1_0.especie,
        c1_0.indice_lealdade,
        c1_0.nome 
    from
        operacoes.companheiro c1_0 
    where
        c1_0.aventureiro_id=?
[AventuraQueryTest] Ativos: 2
]]></system-out>
  </testcase>
  <testcase name="listarAventureiros_filtroNivelMinimo_retornaApenasAcimaDoNivel" classname="com.guilda.aventura.AventuraQueryTest" time="0.06">
    <system-out><![CDATA[Hibernate: 
    select
        nextval('audit.organizacoes_id_seq')
Hibernate: 
    select
        nextval('audit.usuarios_id_seq')
Hibernate: 
    select
        nextval('operacoes.aventureiro_id_seq')
Hibernate: 
    select
        nextval('operacoes.aventureiro_id_seq')
Hibernate: 
    select
        nextval('operacoes.aventureiro_id_seq')
Hibernate: 
    select
        nextval('operacoes.missao_id_seq')
Hibernate: 
    select
        pm1_0.aventureiro_id,
        pm1_0.missao_id,
        pm1_0.data_registro,
        pm1_0.destaque,
        pm1_0.papel,
        pm1_0.recompensa_ouro 
    from
        operacoes.participacao_missao pm1_0 
    where
        (
            pm1_0.aventureiro_id, pm1_0.missao_id
        ) in ((?, ?))
Hibernate: 
    select
        pm1_0.aventureiro_id,
        pm1_0.missao_id,
        pm1_0.data_registro,
        pm1_0.destaque,
        pm1_0.papel,
        pm1_0.recompensa_ouro 
    from
        operacoes.participacao_missao pm1_0 
    where
        (
            pm1_0.aventureiro_id, pm1_0.missao_id
        ) in ((?, ?))
Hibernate: 
    insert 
    into
        audit.organizacoes
        (ativo, nome, id) 
    values
        (?, ?, ?)
Hibernate: 
    insert 
    into
        audit.usuarios
        (email, nome, organizacao_id, senha_hash, status, ultimo_login_em, id) 
    values
        (?, ?, ?, ?, ?, ?, ?)
Hibernate: 
    insert 
    into
        operacoes.aventureiro
        (ativo, usuario_cadastro_id, classe, data_atualizacao, data_criacao, nivel, nome, organizacao_id, id) 
    values
        (?, ?, ?, ?, ?, ?, ?, ?, ?)
Hibernate: 
    insert 
    into
        operacoes.aventureiro
        (ativo, usuario_cadastro_id, classe, data_atualizacao, data_criacao, nivel, nome, organizacao_id, id) 
    values
        (?, ?, ?, ?, ?, ?, ?, ?, ?)
Hibernate: 
    insert 
    into
        operacoes.aventureiro
        (ativo, usuario_cadastro_id, classe, data_atualizacao, data_criacao, nivel, nome, organizacao_id, id) 
    values
        (?, ?, ?, ?, ?, ?, ?, ?, ?)
Hibernate: 
    insert 
    into
        operacoes.missao
        (data_fim, data_inicio, nivel_perigo, organizacao_id, status, titulo, id) 
    values
        (?, ?, ?, ?, ?, ?, ?)
Hibernate: 
    insert 
    into
        operacoes.participacao_missao
        (destaque, papel, recompensa_ouro, aventureiro_id, missao_id) 
    values
        (?, ?, ?, ?, ?)
Hibernate: 
    insert 
    into
        operacoes.participacao_missao
        (destaque, papel, recompensa_ouro, aventureiro_id, missao_id) 
    values
        (?, ?, ?, ?, ?)
Hibernate: 
    update
        operacoes.aventureiro 
    set
        ativo=?,
        usuario_cadastro_id=?,
        classe=?,
        data_atualizacao=?,
        nivel=?,
        nome=?,
        organizacao_id=? 
    where
        id=?
Hibernate: 
    update
        operacoes.missao 
    set
        data_fim=?,
        data_inicio=?,
        nivel_perigo=?,
        organizacao_id=?,
        status=?,
        titulo=? 
    where
        id=?
Hibernate: 
    SELECT
        * 
    FROM
        operacoes.aventureiro a 
    WHERE
        a.organizacao_id = ?   
        AND (
            CAST(? AS boolean) IS NULL 
            OR a.ativo = CAST(? AS boolean)
        )   
        AND (
            CAST(? AS text) IS NULL 
            OR a.classe = CAST(? AS text)
        )   
        AND (
            CAST(? AS integer) IS NULL 
            OR a.nivel >= CAST(? AS integer)
        ) 
    fetch
        first ? rows only 
Hibernate: 
    select
        c1_0.aventureiro_id,
        c1_0.especie,
        c1_0.indice_lealdade,
        c1_0.nome 
    from
        operacoes.companheiro c1_0 
    where
        c1_0.aventureiro_id=?
Hibernate: 
    select
        c1_0.aventureiro_id,
        c1_0.especie,
        c1_0.indice_lealdade,
        c1_0.nome 
    from
        operacoes.companheiro c1_0 
    where
        c1_0.aventureiro_id=?
[AventuraQueryTest] Nível >= 5: 2
]]></system-out>
  </testcase>
  <testcase name="buscarDetalhado_aventureiroSemParticipacoes_retornaZero" classname="com.guilda.aventura.AventuraQueryTest" time="0.066">
    <system-out><![CDATA[Hibernate: 
    select
        nextval('audit.organizacoes_id_seq')
Hibernate: 
    select
        nextval('audit.usuarios_id_seq')
Hibernate: 
    select
        nextval('operacoes.aventureiro_id_seq')
Hibernate: 
    select
        nextval('operacoes.aventureiro_id_seq')
Hibernate: 
    select
        nextval('operacoes.aventureiro_id_seq')
Hibernate: 
    select
        nextval('operacoes.missao_id_seq')
Hibernate: 
    select
        pm1_0.aventureiro_id,
        pm1_0.missao_id,
        pm1_0.data_registro,
        pm1_0.destaque,
        pm1_0.papel,
        pm1_0.recompensa_ouro 
    from
        operacoes.participacao_missao pm1_0 
    where
        (
            pm1_0.aventureiro_id, pm1_0.missao_id
        ) in ((?, ?))
Hibernate: 
    select
        pm1_0.aventureiro_id,
        pm1_0.missao_id,
        pm1_0.data_registro,
        pm1_0.destaque,
        pm1_0.papel,
        pm1_0.recompensa_ouro 
    from
        operacoes.participacao_missao pm1_0 
    where
        (
            pm1_0.aventureiro_id, pm1_0.missao_id
        ) in ((?, ?))
Hibernate: 
    insert 
    into
        audit.organizacoes
        (ativo, nome, id) 
    values
        (?, ?, ?)
Hibernate: 
    insert 
    into
        audit.usuarios
        (email, nome, organizacao_id, senha_hash, status, ultimo_login_em, id) 
    values
        (?, ?, ?, ?, ?, ?, ?)
Hibernate: 
    insert 
    into
        operacoes.aventureiro
        (ativo, usuario_cadastro_id, classe, data_atualizacao, data_criacao, nivel, nome, organizacao_id, id) 
    values
        (?, ?, ?, ?, ?, ?, ?, ?, ?)
Hibernate: 
    insert 
    into
        operacoes.aventureiro
        (ativo, usuario_cadastro_id, classe, data_atualizacao, data_criacao, nivel, nome, organizacao_id, id) 
    values
        (?, ?, ?, ?, ?, ?, ?, ?, ?)
Hibernate: 
    insert 
    into
        operacoes.aventureiro
        (ativo, usuario_cadastro_id, classe, data_atualizacao, data_criacao, nivel, nome, organizacao_id, id) 
    values
        (?, ?, ?, ?, ?, ?, ?, ?, ?)
Hibernate: 
    insert 
    into
        operacoes.missao
        (data_fim, data_inicio, nivel_perigo, organizacao_id, status, titulo, id) 
    values
        (?, ?, ?, ?, ?, ?, ?)
Hibernate: 
    insert 
    into
        operacoes.participacao_missao
        (destaque, papel, recompensa_ouro, aventureiro_id, missao_id) 
    values
        (?, ?, ?, ?, ?)
Hibernate: 
    insert 
    into
        operacoes.participacao_missao
        (destaque, papel, recompensa_ouro, aventureiro_id, missao_id) 
    values
        (?, ?, ?, ?, ?)
Hibernate: 
    update
        operacoes.aventureiro 
    set
        ativo=?,
        usuario_cadastro_id=?,
        classe=?,
        data_atualizacao=?,
        nivel=?,
        nome=?,
        organizacao_id=? 
    where
        id=?
Hibernate: 
    update
        operacoes.missao 
    set
        data_fim=?,
        data_inicio=?,
        nivel_perigo=?,
        organizacao_id=?,
        status=?,
        titulo=? 
    where
        id=?
Hibernate: 
    select
        a1_0.id,
        a1_0.nome,
        a1_0.classe,
        a1_0.nivel,
        a1_0.ativo,
        c1_0.nome,
        c1_0.especie,
        c1_0.indice_lealdade,
        count(p1_0.missao_id),
        max(p1_0.data_registro) 
    from
        operacoes.aventureiro a1_0 
    left join
        operacoes.companheiro c1_0 
            on a1_0.id=c1_0.aventureiro_id 
    left join
        operacoes.participacao_missao p1_0 
            on a1_0.id=p1_0.aventureiro_id 
    where
        a1_0.id=? 
    group by
        a1_0.id,
        a1_0.nome,
        a1_0.classe,
        a1_0.nivel,
        a1_0.ativo,
        c1_0.nome,
        c1_0.especie,
        c1_0.indice_lealdade
[AventuraQueryTest] Sem participações: 0
]]></system-out>
  </testcase>
  <testcase name="buscarMissaoComParticipantes_retornaParticipantesCarregados" classname="com.guilda.aventura.AventuraQueryTest" time="0.099">
    <system-out><![CDATA[Hibernate: 
    select
        nextval('audit.organizacoes_id_seq')
Hibernate: 
    select
        nextval('audit.usuarios_id_seq')
Hibernate: 
    select
        nextval('operacoes.aventureiro_id_seq')
Hibernate: 
    select
        nextval('operacoes.aventureiro_id_seq')
Hibernate: 
    select
        nextval('operacoes.aventureiro_id_seq')
Hibernate: 
    select
        nextval('operacoes.missao_id_seq')
Hibernate: 
    select
        pm1_0.aventureiro_id,
        pm1_0.missao_id,
        pm1_0.data_registro,
        pm1_0.destaque,
        pm1_0.papel,
        pm1_0.recompensa_ouro 
    from
        operacoes.participacao_missao pm1_0 
    where
        (
            pm1_0.aventureiro_id, pm1_0.missao_id
        ) in ((?, ?))
Hibernate: 
    select
        pm1_0.aventureiro_id,
        pm1_0.missao_id,
        pm1_0.data_registro,
        pm1_0.destaque,
        pm1_0.papel,
        pm1_0.recompensa_ouro 
    from
        operacoes.participacao_missao pm1_0 
    where
        (
            pm1_0.aventureiro_id, pm1_0.missao_id
        ) in ((?, ?))
Hibernate: 
    insert 
    into
        audit.organizacoes
        (ativo, nome, id) 
    values
        (?, ?, ?)
Hibernate: 
    insert 
    into
        audit.usuarios
        (email, nome, organizacao_id, senha_hash, status, ultimo_login_em, id) 
    values
        (?, ?, ?, ?, ?, ?, ?)
Hibernate: 
    insert 
    into
        operacoes.aventureiro
        (ativo, usuario_cadastro_id, classe, data_atualizacao, data_criacao, nivel, nome, organizacao_id, id) 
    values
        (?, ?, ?, ?, ?, ?, ?, ?, ?)
Hibernate: 
    insert 
    into
        operacoes.aventureiro
        (ativo, usuario_cadastro_id, classe, data_atualizacao, data_criacao, nivel, nome, organizacao_id, id) 
    values
        (?, ?, ?, ?, ?, ?, ?, ?, ?)
Hibernate: 
    insert 
    into
        operacoes.aventureiro
        (ativo, usuario_cadastro_id, classe, data_atualizacao, data_criacao, nivel, nome, organizacao_id, id) 
    values
        (?, ?, ?, ?, ?, ?, ?, ?, ?)
Hibernate: 
    insert 
    into
        operacoes.missao
        (data_fim, data_inicio, nivel_perigo, organizacao_id, status, titulo, id) 
    values
        (?, ?, ?, ?, ?, ?, ?)
Hibernate: 
    insert 
    into
        operacoes.participacao_missao
        (destaque, papel, recompensa_ouro, aventureiro_id, missao_id) 
    values
        (?, ?, ?, ?, ?)
Hibernate: 
    insert 
    into
        operacoes.participacao_missao
        (destaque, papel, recompensa_ouro, aventureiro_id, missao_id) 
    values
        (?, ?, ?, ?, ?)
Hibernate: 
    update
        operacoes.aventureiro 
    set
        ativo=?,
        usuario_cadastro_id=?,
        classe=?,
        data_atualizacao=?,
        nivel=?,
        nome=?,
        organizacao_id=? 
    where
        id=?
Hibernate: 
    update
        operacoes.missao 
    set
        data_fim=?,
        data_inicio=?,
        nivel_perigo=?,
        organizacao_id=?,
        status=?,
        titulo=? 
    where
        id=?
Hibernate: 
    select
        distinct m1_0.id,
        m1_0.data_criacao,
        m1_0.data_fim,
        m1_0.data_inicio,
        m1_0.nivel_perigo,
        m1_0.organizacao_id,
        p1_0.missao_id,
        p1_0.aventureiro_id,
        a1_0.id,
        a1_0.ativo,
        a1_0.usuario_cadastro_id,
        a1_0.classe,
        a1_0.data_atualizacao,
        a1_0.data_criacao,
        a1_0.nivel,
        a1_0.nome,
        a1_0.organizacao_id,
        p1_0.data_registro,
        p1_0.destaque,
        p1_0.papel,
        p1_0.recompensa_ouro,
        m1_0.status,
        m1_0.titulo 
    from
        operacoes.missao m1_0 
    left join
        operacoes.participacao_missao p1_0 
            on m1_0.id=p1_0.missao_id 
    left join
        operacoes.aventureiro a1_0 
            on a1_0.id=p1_0.aventureiro_id 
    where
        m1_0.id=?
Hibernate: 
    select
        c1_0.aventureiro_id,
        c1_0.especie,
        c1_0.indice_lealdade,
        c1_0.nome 
    from
        operacoes.companheiro c1_0 
    where
        c1_0.aventureiro_id=?
Hibernate: 
    select
        c1_0.aventureiro_id,
        c1_0.especie,
        c1_0.indice_lealdade,
        c1_0.nome 
    from
        operacoes.companheiro c1_0 
    where
        c1_0.aventureiro_id=?
[AventuraQueryTest] Participante: Aldric | Papel: LIDER | Recompensa: 150.00 | Destaque: true
[AventuraQueryTest] Participante: Lyra | Papel: SUPORTE | Recompensa: 80.00 | Destaque: false
]]></system-out>
  </testcase>
  <testcase name="listarMissoes_filtroStatus_retornaApenasStatusCorreto" classname="com.guilda.aventura.AventuraQueryTest" time="0.105">
    <system-out><![CDATA[Hibernate: 
    select
        nextval('audit.organizacoes_id_seq')
Hibernate: 
    select
        nextval('audit.usuarios_id_seq')
Hibernate: 
    select
        nextval('operacoes.aventureiro_id_seq')
Hibernate: 
    select
        nextval('operacoes.aventureiro_id_seq')
Hibernate: 
    select
        nextval('operacoes.aventureiro_id_seq')
Hibernate: 
    select
        nextval('operacoes.missao_id_seq')
Hibernate: 
    select
        pm1_0.aventureiro_id,
        pm1_0.missao_id,
        pm1_0.data_registro,
        pm1_0.destaque,
        pm1_0.papel,
        pm1_0.recompensa_ouro 
    from
        operacoes.participacao_missao pm1_0 
    where
        (
            pm1_0.aventureiro_id, pm1_0.missao_id
        ) in ((?, ?))
Hibernate: 
    select
        pm1_0.aventureiro_id,
        pm1_0.missao_id,
        pm1_0.data_registro,
        pm1_0.destaque,
        pm1_0.papel,
        pm1_0.recompensa_ouro 
    from
        operacoes.participacao_missao pm1_0 
    where
        (
            pm1_0.aventureiro_id, pm1_0.missao_id
        ) in ((?, ?))
Hibernate: 
    insert 
    into
        audit.organizacoes
        (ativo, nome, id) 
    values
        (?, ?, ?)
Hibernate: 
    insert 
    into
        audit.usuarios
        (email, nome, organizacao_id, senha_hash, status, ultimo_login_em, id) 
    values
        (?, ?, ?, ?, ?, ?, ?)
Hibernate: 
    insert 
    into
        operacoes.aventureiro
        (ativo, usuario_cadastro_id, classe, data_atualizacao, data_criacao, nivel, nome, organizacao_id, id) 
    values
        (?, ?, ?, ?, ?, ?, ?, ?, ?)
Hibernate: 
    insert 
    into
        operacoes.aventureiro
        (ativo, usuario_cadastro_id, classe, data_atualizacao, data_criacao, nivel, nome, organizacao_id, id) 
    values
        (?, ?, ?, ?, ?, ?, ?, ?, ?)
Hibernate: 
    insert 
    into
        operacoes.aventureiro
        (ativo, usuario_cadastro_id, classe, data_atualizacao, data_criacao, nivel, nome, organizacao_id, id) 
    values
        (?, ?, ?, ?, ?, ?, ?, ?, ?)
Hibernate: 
    insert 
    into
        operacoes.missao
        (data_fim, data_inicio, nivel_perigo, organizacao_id, status, titulo, id) 
    values
        (?, ?, ?, ?, ?, ?, ?)
Hibernate: 
    insert 
    into
        operacoes.participacao_missao
        (destaque, papel, recompensa_ouro, aventureiro_id, missao_id) 
    values
        (?, ?, ?, ?, ?)
Hibernate: 
    insert 
    into
        operacoes.participacao_missao
        (destaque, papel, recompensa_ouro, aventureiro_id, missao_id) 
    values
        (?, ?, ?, ?, ?)
Hibernate: 
    update
        operacoes.aventureiro 
    set
        ativo=?,
        usuario_cadastro_id=?,
        classe=?,
        data_atualizacao=?,
        nivel=?,
        nome=?,
        organizacao_id=? 
    where
        id=?
Hibernate: 
    update
        operacoes.missao 
    set
        data_fim=?,
        data_inicio=?,
        nivel_perigo=?,
        organizacao_id=?,
        status=?,
        titulo=? 
    where
        id=?
Hibernate: 
    SELECT
        * 
    FROM
        operacoes.missao m 
    WHERE
        m.organizacao_id = ?   
        AND (
            CAST(? AS text) IS NULL 
            OR m.status = CAST(? AS text)
        )   
        AND (
            CAST(? AS text) IS NULL 
            OR m.nivel_perigo = CAST(? AS text)
        )   
        AND (
            CAST(? AS timestamp) IS NULL 
            OR m.data_inicio >= CAST(? AS timestamp)
        )   
        AND (
            CAST(? AS timestamp) IS NULL 
            OR m.data_fim <= CAST(? AS timestamp)
        ) 
    fetch
        first ? rows only 
[AventuraQueryTest] Missões CONCLUIDA: 1
]]></system-out>
  </testcase>
  <testcase name="listarAventureiros_semFiltros_retornaTodosAtivosEInativos" classname="com.guilda.aventura.AventuraQueryTest" time="0.06">
    <system-out><![CDATA[Hibernate: 
    select
        nextval('audit.organizacoes_id_seq')
Hibernate: 
    select
        nextval('audit.usuarios_id_seq')
Hibernate: 
    select
        nextval('operacoes.aventureiro_id_seq')
Hibernate: 
    select
        nextval('operacoes.aventureiro_id_seq')
Hibernate: 
    select
        nextval('operacoes.aventureiro_id_seq')
Hibernate: 
    select
        nextval('operacoes.missao_id_seq')
Hibernate: 
    select
        pm1_0.aventureiro_id,
        pm1_0.missao_id,
        pm1_0.data_registro,
        pm1_0.destaque,
        pm1_0.papel,
        pm1_0.recompensa_ouro 
    from
        operacoes.participacao_missao pm1_0 
    where
        (
            pm1_0.aventureiro_id, pm1_0.missao_id
        ) in ((?, ?))
Hibernate: 
    select
        pm1_0.aventureiro_id,
        pm1_0.missao_id,
        pm1_0.data_registro,
        pm1_0.destaque,
        pm1_0.papel,
        pm1_0.recompensa_ouro 
    from
        operacoes.participacao_missao pm1_0 
    where
        (
            pm1_0.aventureiro_id, pm1_0.missao_id
        ) in ((?, ?))
Hibernate: 
    insert 
    into
        audit.organizacoes
        (ativo, nome, id) 
    values
        (?, ?, ?)
Hibernate: 
    insert 
    into
        audit.usuarios
        (email, nome, organizacao_id, senha_hash, status, ultimo_login_em, id) 
    values
        (?, ?, ?, ?, ?, ?, ?)
Hibernate: 
    insert 
    into
        operacoes.aventureiro
        (ativo, usuario_cadastro_id, classe, data_atualizacao, data_criacao, nivel, nome, organizacao_id, id) 
    values
        (?, ?, ?, ?, ?, ?, ?, ?, ?)
Hibernate: 
    insert 
    into
        operacoes.aventureiro
        (ativo, usuario_cadastro_id, classe, data_atualizacao, data_criacao, nivel, nome, organizacao_id, id) 
    values
        (?, ?, ?, ?, ?, ?, ?, ?, ?)
Hibernate: 
    insert 
    into
        operacoes.aventureiro
        (ativo, usuario_cadastro_id, classe, data_atualizacao, data_criacao, nivel, nome, organizacao_id, id) 
    values
        (?, ?, ?, ?, ?, ?, ?, ?, ?)
Hibernate: 
    insert 
    into
        operacoes.missao
        (data_fim, data_inicio, nivel_perigo, organizacao_id, status, titulo, id) 
    values
        (?, ?, ?, ?, ?, ?, ?)
Hibernate: 
    insert 
    into
        operacoes.participacao_missao
        (destaque, papel, recompensa_ouro, aventureiro_id, missao_id) 
    values
        (?, ?, ?, ?, ?)
Hibernate: 
    insert 
    into
        operacoes.participacao_missao
        (destaque, papel, recompensa_ouro, aventureiro_id, missao_id) 
    values
        (?, ?, ?, ?, ?)
Hibernate: 
    update
        operacoes.aventureiro 
    set
        ativo=?,
        usuario_cadastro_id=?,
        classe=?,
        data_atualizacao=?,
        nivel=?,
        nome=?,
        organizacao_id=? 
    where
        id=?
Hibernate: 
    update
        operacoes.missao 
    set
        data_fim=?,
        data_inicio=?,
        nivel_perigo=?,
        organizacao_id=?,
        status=?,
        titulo=? 
    where
        id=?
Hibernate: 
    SELECT
        * 
    FROM
        operacoes.aventureiro a 
    WHERE
        a.organizacao_id = ?   
        AND (
            CAST(? AS boolean) IS NULL 
            OR a.ativo = CAST(? AS boolean)
        )   
        AND (
            CAST(? AS text) IS NULL 
            OR a.classe = CAST(? AS text)
        )   
        AND (
            CAST(? AS integer) IS NULL 
            OR a.nivel >= CAST(? AS integer)
        ) 
    fetch
        first ? rows only 
Hibernate: 
    select
        c1_0.aventureiro_id,
        c1_0.especie,
        c1_0.indice_lealdade,
        c1_0.nome 
    from
        operacoes.companheiro c1_0 
    where
        c1_0.aventureiro_id=?
Hibernate: 
    select
        c1_0.aventureiro_id,
        c1_0.especie,
        c1_0.indice_lealdade,
        c1_0.nome 
    from
        operacoes.companheiro c1_0 
    where
        c1_0.aventureiro_id=?
Hibernate: 
    select
        c1_0.aventureiro_id,
        c1_0.especie,
        c1_0.indice_lealdade,
        c1_0.nome 
    from
        operacoes.companheiro c1_0 
    where
        c1_0.aventureiro_id=?
[AventuraQueryTest] Total: 3
]]></system-out>
  </testcase>
  <testcase name="buscarPorNomeParcial_caseInsensitive_retornaCorrespondencias" classname="com.guilda.aventura.AventuraQueryTest" time="0.056">
    <system-out><![CDATA[Hibernate: 
    select
        nextval('audit.organizacoes_id_seq')
Hibernate: 
    select
        nextval('audit.usuarios_id_seq')
Hibernate: 
    select
        nextval('operacoes.aventureiro_id_seq')
Hibernate: 
    select
        nextval('operacoes.aventureiro_id_seq')
Hibernate: 
    select
        nextval('operacoes.aventureiro_id_seq')
Hibernate: 
    select
        nextval('operacoes.missao_id_seq')
Hibernate: 
    select
        pm1_0.aventureiro_id,
        pm1_0.missao_id,
        pm1_0.data_registro,
        pm1_0.destaque,
        pm1_0.papel,
        pm1_0.recompensa_ouro 
    from
        operacoes.participacao_missao pm1_0 
    where
        (
            pm1_0.aventureiro_id, pm1_0.missao_id
        ) in ((?, ?))
Hibernate: 
    select
        pm1_0.aventureiro_id,
        pm1_0.missao_id,
        pm1_0.data_registro,
        pm1_0.destaque,
        pm1_0.papel,
        pm1_0.recompensa_ouro 
    from
        operacoes.participacao_missao pm1_0 
    where
        (
            pm1_0.aventureiro_id, pm1_0.missao_id
        ) in ((?, ?))
Hibernate: 
    insert 
    into
        audit.organizacoes
        (ativo, nome, id) 
    values
        (?, ?, ?)
Hibernate: 
    insert 
    into
        audit.usuarios
        (email, nome, organizacao_id, senha_hash, status, ultimo_login_em, id) 
    values
        (?, ?, ?, ?, ?, ?, ?)
Hibernate: 
    insert 
    into
        operacoes.aventureiro
        (ativo, usuario_cadastro_id, classe, data_atualizacao, data_criacao, nivel, nome, organizacao_id, id) 
    values
        (?, ?, ?, ?, ?, ?, ?, ?, ?)
Hibernate: 
    insert 
    into
        operacoes.aventureiro
        (ativo, usuario_cadastro_id, classe, data_atualizacao, data_criacao, nivel, nome, organizacao_id, id) 
    values
        (?, ?, ?, ?, ?, ?, ?, ?, ?)
Hibernate: 
    insert 
    into
        operacoes.aventureiro
        (ativo, usuario_cadastro_id, classe, data_atualizacao, data_criacao, nivel, nome, organizacao_id, id) 
    values
        (?, ?, ?, ?, ?, ?, ?, ?, ?)
Hibernate: 
    insert 
    into
        operacoes.missao
        (data_fim, data_inicio, nivel_perigo, organizacao_id, status, titulo, id) 
    values
        (?, ?, ?, ?, ?, ?, ?)
Hibernate: 
    insert 
    into
        operacoes.participacao_missao
        (destaque, papel, recompensa_ouro, aventureiro_id, missao_id) 
    values
        (?, ?, ?, ?, ?)
Hibernate: 
    insert 
    into
        operacoes.participacao_missao
        (destaque, papel, recompensa_ouro, aventureiro_id, missao_id) 
    values
        (?, ?, ?, ?, ?)
Hibernate: 
    update
        operacoes.aventureiro 
    set
        ativo=?,
        usuario_cadastro_id=?,
        classe=?,
        data_atualizacao=?,
        nivel=?,
        nome=?,
        organizacao_id=? 
    where
        id=?
Hibernate: 
    update
        operacoes.missao 
    set
        data_fim=?,
        data_inicio=?,
        nivel_perigo=?,
        organizacao_id=?,
        status=?,
        titulo=? 
    where
        id=?
Hibernate: 
    select
        a1_0.id,
        a1_0.ativo,
        a1_0.usuario_cadastro_id,
        a1_0.classe,
        a1_0.data_atualizacao,
        a1_0.data_criacao,
        a1_0.nivel,
        a1_0.nome,
        a1_0.organizacao_id 
    from
        operacoes.aventureiro a1_0 
    where
        lower(a1_0.nome) like lower(('%'||?||'%')) escape '' 
        and a1_0.organizacao_id=? 
    offset
        ? rows 
    fetch
        first ? rows only
Hibernate: 
    select
        c1_0.aventureiro_id,
        c1_0.especie,
        c1_0.indice_lealdade,
        c1_0.nome 
    from
        operacoes.companheiro c1_0 
    where
        c1_0.aventureiro_id=?
[AventuraQueryTest] Busca 'ldr': 1
]]></system-out>
  </testcase>
</testsuite>