<?xml version="1.0" encoding="UTF-8"?>
<testsuite xmlns:xsi="http://www.w3.org/2001/XMLSchema-instance" xsi:noNamespaceSchemaLocation="https://maven.apache.org/surefire/maven-surefire-plugin/xsd/surefire-test-report-3.0.xsd" version="3.0" name="com.guilda.audit.AuditMappingTest" time="6.759" tests="3" errors="0" skipped="0" failures="0">
  <properties>
[...]
</properties>
  <testcase name="deveCarregarRoleComPermissions" classname="com.guilda.audit.AuditMappingTest" time="0.694">
    <system-out><![CDATA[19:40:55.400 [main] INFO org.springframework.test.context.support.AnnotationConfigContextLoaderUtils -- Could not detect default configuration classes for test class [com.guilda.audit.AuditMappingTest]: AuditMappingTest does not declare any static, non-private, non-final, nested classes annotated with @Configuration.
19:40:55.654 [main] INFO org.springframework.boot.test.context.SpringBootTestContextBootstrapper -- Found @SpringBootConfiguration com.guilda.GuildaApplication for test class com.guilda.audit.AuditMappingTest

  .   ____          _            __ _ _
 /\\ / ___'_ __ _ _(_)_ __  __ _ \ \ \ \
( ( )\___ | '_ | '_| | '_ \/ _` | \ \ \ \
 \\/  ___)| |_)| | | | | || (_| |  ) ) ) )
  '  |____| .__|_| |_|_| |_\__, | / / / /
 =========|_|==============|___/=/_/_/_/
 :: Spring Boot ::                (v3.2.5)

2026-04-21T19:40:56.087-03:00  INFO 22492 --- [guilda-aventureiros] [           main] com.guilda.audit.AuditMappingTest        : Starting AuditMappingTest using Java 21.0.10 with PID 22492 (started by nayan in C:\Users\nayan\Desktop\AT_GUILDA)
2026-04-21T19:40:56.089-03:00  INFO 22492 --- [guilda-aventureiros] [           main] com.guilda.audit.AuditMappingTest        : The following 1 profile is active: "test"
2026-04-21T19:40:56.555-03:00  INFO 22492 --- [guilda-aventureiros] [           main] .s.d.r.c.RepositoryConfigurationDelegate : Bootstrapping Spring Data JPA repositories in DEFAULT mode.
2026-04-21T19:40:56.731-03:00  INFO 22492 --- [guilda-aventureiros] [           main] .s.d.r.c.RepositoryConfigurationDelegate : Finished Spring Data repository scanning in 154 ms. Found 7 JPA repository interfaces.
2026-04-21T19:40:57.157-03:00  INFO 22492 --- [guilda-aventureiros] [           main] o.hibernate.jpa.internal.util.LogHelper  : HHH000204: Processing PersistenceUnitInfo [name: default]
2026-04-21T19:40:57.218-03:00  INFO 22492 --- [guilda-aventureiros] [           main] org.hibernate.Version                    : HHH000412: Hibernate ORM core version 6.4.4.Final
2026-04-21T19:40:57.246-03:00  INFO 22492 --- [guilda-aventureiros] [           main] o.h.c.internal.RegionFactoryInitiator    : HHH000026: Second-level cache disabled
2026-04-21T19:40:57.473-03:00  INFO 22492 --- [guilda-aventureiros] [           main] o.s.o.j.p.SpringPersistenceUnitInfo      : No LoadTimeWeaver setup: ignoring JPA class transformer
2026-04-21T19:40:57.497-03:00  INFO 22492 --- [guilda-aventureiros] [           main] com.zaxxer.hikari.HikariDataSource       : HikariPool-1 - Starting...
2026-04-21T19:40:57.746-03:00  INFO 22492 --- [guilda-aventureiros] [           main] com.zaxxer.hikari.pool.HikariPool        : HikariPool-1 - Added connection org.postgresql.jdbc.PgConnection@2c1d57bc
2026-04-21T19:40:57.747-03:00  INFO 22492 --- [guilda-aventureiros] [           main] com.zaxxer.hikari.HikariDataSource       : HikariPool-1 - Start completed.
2026-04-21T19:40:57.814-03:00  WARN 22492 --- [guilda-aventureiros] [           main] org.hibernate.orm.deprecation            : HHH90000025: PostgreSQLDialect does not need to be specified explicitly using 'hibernate.dialect' (remove the property setting and it will be selected by default)
2026-04-21T19:40:59.622-03:00  INFO 22492 --- [guilda-aventureiros] [           main] o.h.e.t.j.p.i.JtaPlatformInitiator       : HHH000489: No JTA platform available (set 'hibernate.transaction.jta.platform' to enable JTA platform integration)
2026-04-21T19:40:59.624-03:00  INFO 22492 --- [guilda-aventureiros] [           main] j.LocalContainerEntityManagerFactoryBean : Initialized JPA EntityManagerFactory for persistence unit 'default'
2026-04-21T19:41:00.039-03:00  INFO 22492 --- [guilda-aventureiros] [           main] o.s.d.j.r.query.QueryEnhancerFactory     : Hibernate is in classpath; If applicable, HQL parser will be used.
2026-04-21T19:41:01.090-03:00  INFO 22492 --- [guilda-aventureiros] [           main] com.guilda.audit.AuditMappingTest        : Started AuditMappingTest in 5.323 seconds (process running for 6.48)
Hibernate: 
    select
        o1_0.id,
        o1_0.ativo,
        o1_0.created_at,
        o1_0.nome 
    from
        audit.organizacoes o1_0
Hibernate: 
    select
        distinct r1_0.id,
        r1_0.created_at,
        r1_0.descricao,
        r1_0.nome,
        r1_0.organizacao_id,
        p1_0.role_id,
        p1_1.id,
        p1_1.code,
        p1_1.descricao 
    from
        audit.roles r1_0 
    left join
        audit.role_permissions p1_0 
            on r1_0.id=p1_0.role_id 
    left join
        audit.permissions p1_1 
            on p1_1.id=p1_0.permission_id 
    where
        r1_0.organizacao_id=?
[AuditMappingTest] Role: ADMIN | Permissions: 6
[AuditMappingTest] Role: AUDITOR | Permissions: 1
]]></system-out>
    <system-err><![CDATA[WARNING: A Java agent has been loaded dynamically (C:\Users\nayan\.m2\repository\net\bytebuddy\byte-buddy-agent\1.14.13\byte-buddy-agent-1.14.13.jar)
WARNING: If a serviceability tool is in use, please run with -XX:+EnableDynamicAgentLoading to hide this warning
WARNING: If a serviceability tool is not in use, please run with -Djdk.instrument.traceUsage for more information
WARNING: Dynamic loading of agents will be disallowed by default in a future release
]]></system-err>
  </testcase>
  <testcase name="deveSalvarNovoUsuarioVinculadoAOrganizacaoExistente" classname="com.guilda.audit.AuditMappingTest" time="0.069">
    <system-out><![CDATA[Hibernate: 
    select
        o1_0.id,
        o1_0.ativo,
        o1_0.created_at,
        o1_0.nome 
    from
        audit.organizacoes o1_0
Hibernate: 
    select
        nextval('audit.usuarios_id_seq')
[AuditMappingTest] Usuário salvo: id=40, org=Guilda do Norte
]]></system-out>
  </testcase>
  <testcase name="deveCarregarUsuarioComRoles" classname="com.guilda.audit.AuditMappingTest" time="0.024">
    <system-out><![CDATA[Hibernate: 
    select
        o1_0.id,
        o1_0.ativo,
        o1_0.created_at,
        o1_0.nome 
    from
        audit.organizacoes o1_0
Hibernate: 
    select
        distinct u1_0.id,
        u1_0.created_at,
        u1_0.email,
        u1_0.nome,
        u1_0.organizacao_id,
        r1_0.usuario_id,
        r1_1.id,
        r1_1.created_at,
        r1_1.descricao,
        r1_1.nome,
        r1_1.organizacao_id,
        u1_0.senha_hash,
        u1_0.status,
        u1_0.ultimo_login_em,
        u1_0.updated_at 
    from
        audit.usuarios u1_0 
    left join
        audit.user_roles r1_0 
            on u1_0.id=r1_0.usuario_id 
    left join
        audit.roles r1_1 
            on r1_1.id=r1_0.role_id 
    where
        u1_0.organizacao_id=?
[AuditMappingTest] Usuário: Audit Lady | Roles: 1
[AuditMappingTest] Usuário: Root Norte | Roles: 1
]]></system-out>
  </testcase>
</testsuite>